=== RUN   TestTeamCRUD
--- PASS: TestTeamCRUD (0.03s)
=== RUN   TestDuplicateTeam
--- PASS: TestDuplicateTeam (0.01s)
=== RUN   TestPRWorkflowAndMergeIdempotency
--- PASS: TestPRWorkflowAndMergeIdempotency (0.03s)
=== RUN   TestUsersGetReview
--- PASS: TestUsersGetReview (0.01s)
=== RUN   TestReassignEdgeCases
--- PASS: TestReassignEdgeCases (0.02s)
=== RUN   TestConcurrentTeamCreate
    concurrency_test.go:76: expected exactly 1 success (201/200), got 0 success, 0 conflicts, 10 others
--- FAIL: TestConcurrentTeamCreate (0.03s)
=== RUN   TestConcurrentPRCreateSameID
    concurrency_test.go:126: expected exactly 1 success (201/200) for concurrent PR create, got 0 success, 0 conflicts, 8 others
--- FAIL: TestConcurrentPRCreateSameID (0.00s)
=== RUN   TestMigrationsApplied
--- PASS: TestMigrationsApplied (0.03s)
=== RUN   TestTeamAdd
    pr_create_test.go:30: expected 201 or 200, got 500
--- FAIL: TestTeamAdd (2.00s)
=== RUN   TestTeamValidation
--- PASS: TestTeamValidation (0.00s)
=== RUN   TestSetIsActiveValidation
--- PASS: TestSetIsActiveValidation (0.00s)
=== RUN   TestPRCreateValidation
--- PASS: TestPRCreateValidation (0.00s)
FAIL
FAIL	github.com/UsatovPavel/PRAssign/tests/integration	2.198s
FAIL
